
[2025-01-11T17:19:12.283410+01:00] serviceReparation.INFO: conection established with the database [] []
[2025-01-11T17:19:13.025659+01:00] serviceReparation.INFO: Data obtained correctly -> 2 rows returned [] []
[2025-01-11T17:19:55.242361+01:00] serviceReparation.INFO: conection established with the database [] []
[2025-01-11T17:19:56.011203+01:00] serviceReparation.INFO: Data obtained correctly -> 2 rows returned [] []
[2025-01-11T17:19:56.016010+01:00] serviceReparation.INFO: conection established with the database [] []
[2025-01-11T17:19:59.201014+01:00] serviceReparation.INFO: Reparation inserted correctly -> 600d8371-1b47-4577-ab47-7f2dbcd08ea8 [] []
[2025-01-11T17:21:59.902793+01:00] serviceReparation.INFO: conection established with the database [] []
[2025-01-11T17:22:01.945939+01:00] serviceReparation.ERROR: Error connecting to the database -> No se puede establecer una conexión ya que el equipo de destino denegó expresamente dicha conexión [] []
[2025-01-11T17:22:01.945939+01:00] serviceReparation.ERROR: Error connecting to the database -> No se puede establecer una conexión ya que el equipo de destino denegó expresamente dicha conexión [] []
[2025-01-11T17:23:00.778490+01:00] serviceReparation.INFO: conection established with the database [] []
[2025-01-11T17:23:01.907284+01:00] serviceReparation.INFO: Data obtained correctly -> 3 rows returned [] []
[2025-01-11T17:39:43.526523+01:00] serviceReparation.INFO: conection established with the database [] []
[2025-01-11T17:39:44.693533+01:00] serviceReparation.INFO: Data obtained correctly -> 3 rows returned [] []
[2025-01-11T17:39:44.702149+01:00] serviceReparation.INFO: conection established with the database [] []
[2025-01-11T17:39:52.329126+01:00] serviceReparation.INFO: conection established with the database [] []
[2025-01-11T17:39:53.485738+01:00] serviceReparation.INFO: Data obtained correctly -> 3 rows returned [] []
[2025-01-11T17:40:31.366717+01:00] serviceReparation.INFO: conection established with the database [] []
[2025-01-11T17:40:32.500042+01:00] serviceReparation.INFO: Data obtained correctly -> 3 rows returned [] []
[2025-01-11T17:40:32.505428+01:00] serviceReparation.INFO: conection established with the database [] []
[2025-01-11T17:41:59.679692+01:00] serviceReparation.INFO: conection established with the database [] []
[2025-01-11T17:42:00.877047+01:00] serviceReparation.INFO: Data obtained correctly -> 3 rows returned [] []
[2025-01-11T17:42:00.883969+01:00] serviceReparation.INFO: conection established with the database [] []
[2025-01-11T17:42:01.815689+01:00] serviceReparation.INFO: Reparation inserted correctly -> 71a2abc0-ff44-40b5-a4f6-8902b8594219 [] []
[2025-01-11T17:45:48.133273+01:00] serviceReparation.INFO: conection established with the database [] []
[2025-01-11T17:45:50.160813+01:00] serviceReparation.ERROR: Error connecting to the database -> No se puede establecer una conexión ya que el equipo de destino denegó expresamente dicha conexión [] []
[2025-01-11T17:45:50.160813+01:00] serviceReparation.ERROR: Error connecting to the database -> No se puede establecer una conexión ya que el equipo de destino denegó expresamente dicha conexión [] []
[2025-01-11T18:41:31.395068+01:00] serviceReparation.INFO: conection established with the database [] []
[2025-01-11T18:41:33.209365+01:00] serviceReparation.INFO: Data obtained correctly -> 4 rows returned [] []
[2025-01-11T18:41:33.256387+01:00] serviceReparation.INFO: conection established with the database [] []
[2025-01-11T18:41:34.171220+01:00] serviceReparation.INFO: Reparation inserted correctly -> 01cf3496-b377-4462-b135-285ed39f31a7 [] []
[2025-01-11T18:44:57.570427+01:00] serviceReparation.INFO: conection established with the database [] []
[2025-01-11T18:44:59.715994+01:00] serviceReparation.INFO: Data obtained correctly -> 5 rows returned [] []
[2025-01-11T18:44:59.755990+01:00] serviceReparation.INFO: conection established with the database [] []
[2025-01-11T18:46:36.307607+01:00] serviceReparation.INFO: conection established with the database [] []
[2025-01-11T18:46:38.418176+01:00] serviceReparation.INFO: Data obtained correctly -> 5 rows returned [] []
[2025-01-11T18:46:38.456425+01:00] serviceReparation.INFO: conection established with the database [] []
[2025-01-11T18:48:20.650920+01:00] serviceReparation.INFO: conection established with the database [] []
[2025-01-11T18:48:22.762088+01:00] serviceReparation.INFO: Data obtained correctly -> 5 rows returned [] []
[2025-01-11T18:48:22.777131+01:00] serviceReparation.INFO: conection established with the database [] []
[2025-01-11T18:48:23.443380+01:00] serviceReparation.INFO: Reparation inserted correctly -> 49d56e92-d07e-4308-92bb-24c2166d75b4 [] []
[2025-01-11T18:49:03.123161+01:00] serviceReparation.INFO: conection established with the database [] []
[2025-01-11T18:49:05.568826+01:00] serviceReparation.INFO: Data obtained correctly -> 6 rows returned [] []
[2025-01-11T18:49:05.612552+01:00] serviceReparation.INFO: conection established with the database [] []
[2025-01-11T18:49:07.234790+01:00] serviceReparation.WARNING: Error inserting the reparation -> Got a packet bigger than 'max_allowed_packet' bytes [] []
[2025-01-11T21:14:47.418489+01:00] serviceReparation.INFO: conection established with the database [] []
[2025-01-11T21:14:50.122037+01:00] serviceReparation.INFO: Data obtained correctly -> 6 rows returned [] []
[2025-01-11T21:20:02.476987+01:00] serviceReparation.INFO: conection established with the database [] []
[2025-01-11T21:20:02.482243+01:00] serviceReparation.ERROR: Error getting the reparation -> Table 'workshop.reparatio' doesn't exist [] []
[2025-01-11T21:20:49.765273+01:00] serviceReparation.INFO: conection established with the database [] []
[2025-01-11T21:20:52.259903+01:00] serviceReparation.INFO: Data obtained correctly -> 6 rows returned [] []
[2025-01-11T21:26:46.342416+01:00] serviceReparation.INFO: conection established with the database [] []
[2025-01-11T21:26:48.051050+01:00] serviceReparation.INFO: Data obtained correctly -> 6 rows returned [] []
[2025-01-11T21:39:15.422318+01:00] serviceReparation.INFO: conection established with the database [] []
[2025-01-11T21:39:17.852013+01:00] serviceReparation.INFO: Data obtained correctly -> 6 rows returned [] []
[2025-01-11T21:39:47.744385+01:00] serviceReparation.INFO: conection established with the database [] []
[2025-01-11T21:39:50.182844+01:00] serviceReparation.INFO: Data obtained correctly -> 6 rows returned [] []
[2025-01-11T21:39:50.215173+01:00] serviceReparation.INFO: conection established with the database [] []
[2025-01-11T21:39:50.883927+01:00] serviceReparation.INFO: Reparation inserted correctly -> daa0383e-15a8-4837-886f-a38e66f44666 [] []
[2025-01-11T21:39:54.099693+01:00] serviceReparation.INFO: conection established with the database [] []
[2025-01-11T21:39:57.003724+01:00] serviceReparation.INFO: Data obtained correctly -> 7 rows returned [] []
